<?xml version="1.0" encoding="UTF-8"?>
<testsuite name="com.matchup.home.web.domain.posts.PostsRepositoryTest" tests="1" skipped="0" failures="0" errors="0" timestamp="2021-07-14T11:55:36" hostname="yunmins-MacBook-Pro.local" time="0.718">
  <properties/>
  <testcase name="게시글저장_불러오기()" classname="com.matchup.home.web.domain.posts.PostsRepositoryTest" time="0.718"/>
  <system-out><![CDATA[20:55:28.529 [Test worker] DEBUG org.springframework.test.context.BootstrapUtils - Instantiating CacheAwareContextLoaderDelegate from class [org.springframework.test.context.cache.DefaultCacheAwareContextLoaderDelegate]
20:55:28.551 [Test worker] DEBUG org.springframework.test.context.BootstrapUtils - Instantiating BootstrapContext using constructor [public org.springframework.test.context.support.DefaultBootstrapContext(java.lang.Class,org.springframework.test.context.CacheAwareContextLoaderDelegate)]
20:55:28.614 [Test worker] DEBUG org.springframework.test.context.BootstrapUtils - Instantiating TestContextBootstrapper for test class [com.matchup.home.web.domain.posts.PostsRepositoryTest] from class [org.springframework.boot.test.context.SpringBootTestContextBootstrapper]
20:55:28.636 [Test worker] INFO org.springframework.boot.test.context.SpringBootTestContextBootstrapper - Neither @ContextConfiguration nor @ContextHierarchy found for test class [com.matchup.home.web.domain.posts.PostsRepositoryTest], using SpringBootContextLoader
20:55:28.646 [Test worker] DEBUG org.springframework.test.context.support.AbstractContextLoader - Did not detect default resource location for test class [com.matchup.home.web.domain.posts.PostsRepositoryTest]: class path resource [com/matchup/home/web/domain/posts/PostsRepositoryTest-context.xml] does not exist
20:55:28.647 [Test worker] DEBUG org.springframework.test.context.support.AbstractContextLoader - Did not detect default resource location for test class [com.matchup.home.web.domain.posts.PostsRepositoryTest]: class path resource [com/matchup/home/web/domain/posts/PostsRepositoryTestContext.groovy] does not exist
20:55:28.647 [Test worker] INFO org.springframework.test.context.support.AbstractContextLoader - Could not detect default resource locations for test class [com.matchup.home.web.domain.posts.PostsRepositoryTest]: no resource found for suffixes {-context.xml, Context.groovy}.
20:55:28.648 [Test worker] INFO org.springframework.test.context.support.AnnotationConfigContextLoaderUtils - Could not detect default configuration classes for test class [com.matchup.home.web.domain.posts.PostsRepositoryTest]: PostsRepositoryTest does not declare any static, non-private, non-final, nested classes annotated with @Configuration.
20:55:28.723 [Test worker] DEBUG org.springframework.test.context.support.ActiveProfilesUtils - Could not find an 'annotation declaring class' for annotation type [org.springframework.test.context.ActiveProfiles] and class [com.matchup.home.web.domain.posts.PostsRepositoryTest]
20:55:28.881 [Test worker] DEBUG org.springframework.context.annotation.ClassPathScanningCandidateComponentProvider - Identified candidate component class: file [/Users/minyun/Documents/yuns project/matchup/build/classes/java/main/com/matchup/home/Application.class]
20:55:28.882 [Test worker] INFO org.springframework.boot.test.context.SpringBootTestContextBootstrapper - Found @SpringBootConfiguration com.matchup.home.Application for test class com.matchup.home.web.domain.posts.PostsRepositoryTest
20:55:29.036 [Test worker] DEBUG org.springframework.boot.test.context.SpringBootTestContextBootstrapper - @TestExecutionListeners is not present for class [com.matchup.home.web.domain.posts.PostsRepositoryTest]: using defaults.
20:55:29.037 [Test worker] INFO org.springframework.boot.test.context.SpringBootTestContextBootstrapper - Loaded default TestExecutionListener class names from location [META-INF/spring.factories]: [org.springframework.boot.test.autoconfigure.restdocs.RestDocsTestExecutionListener, org.springframework.boot.test.autoconfigure.web.client.MockRestServiceServerResetTestExecutionListener, org.springframework.boot.test.autoconfigure.web.servlet.MockMvcPrintOnlyOnFailureTestExecutionListener, org.springframework.boot.test.autoconfigure.web.servlet.WebDriverTestExecutionListener, org.springframework.boot.test.autoconfigure.webservices.client.MockWebServiceServerTestExecutionListener, org.springframework.boot.test.mock.mockito.MockitoTestExecutionListener, org.springframework.boot.test.mock.mockito.ResetMocksTestExecutionListener, org.springframework.test.context.web.ServletTestExecutionListener, org.springframework.test.context.support.DirtiesContextBeforeModesTestExecutionListener, org.springframework.test.context.support.DependencyInjectionTestExecutionListener, org.springframework.test.context.support.DirtiesContextTestExecutionListener, org.springframework.test.context.transaction.TransactionalTestExecutionListener, org.springframework.test.context.jdbc.SqlScriptsTestExecutionListener, org.springframework.test.context.event.EventPublishingTestExecutionListener]
20:55:29.077 [Test worker] INFO org.springframework.boot.test.context.SpringBootTestContextBootstrapper - Using TestExecutionListeners: [org.springframework.test.context.web.ServletTestExecutionListener@10268a18, org.springframework.test.context.support.DirtiesContextBeforeModesTestExecutionListener@5b1b5095, org.springframework.boot.test.mock.mockito.MockitoTestExecutionListener@598c7a2d, org.springframework.boot.test.autoconfigure.SpringBootDependencyInjectionTestExecutionListener@5ca6eee9, org.springframework.test.context.support.DirtiesContextTestExecutionListener@7874c92f, org.springframework.test.context.transaction.TransactionalTestExecutionListener@79eaa14c, org.springframework.test.context.jdbc.SqlScriptsTestExecutionListener@430de14e, org.springframework.test.context.event.EventPublishingTestExecutionListener@28378e60, org.springframework.boot.test.autoconfigure.restdocs.RestDocsTestExecutionListener@76d407f8, org.springframework.boot.test.autoconfigure.web.client.MockRestServiceServerResetTestExecutionListener@5a1838af, org.springframework.boot.test.autoconfigure.web.servlet.MockMvcPrintOnlyOnFailureTestExecutionListener@76b3b533, org.springframework.boot.test.autoconfigure.web.servlet.WebDriverTestExecutionListener@6263710b, org.springframework.boot.test.autoconfigure.webservices.client.MockWebServiceServerTestExecutionListener@34de4178, org.springframework.boot.test.mock.mockito.ResetMocksTestExecutionListener@2f18ca0c]
20:55:29.086 [Test worker] DEBUG org.springframework.test.context.support.AbstractDirtiesContextTestExecutionListener - Before test class: context [DefaultTestContext@47ea27e7 testClass = PostsRepositoryTest, testInstance = [null], testMethod = [null], testException = [null], mergedContextConfiguration = [WebMergedContextConfiguration@447322cd testClass = PostsRepositoryTest, locations = '{}', classes = '{class com.matchup.home.Application}', contextInitializerClasses = '[]', activeProfiles = '{}', propertySourceLocations = '{}', propertySourceProperties = '{org.springframework.boot.test.context.SpringBootTestContextBootstrapper=true}', contextCustomizers = set[org.springframework.boot.test.autoconfigure.actuate.metrics.MetricsExportContextCustomizerFactory$DisableMetricExportContextCustomizer@4b6baed5, org.springframework.boot.test.autoconfigure.properties.PropertyMappingContextCustomizer@0, org.springframework.boot.test.autoconfigure.web.servlet.WebDriverContextCustomizerFactory$Customizer@2111a5eb, org.springframework.boot.test.context.filter.ExcludeFilterContextCustomizer@3715bbb2, org.springframework.boot.test.json.DuplicateJsonObjectContextCustomizerFactory$DuplicateJsonObjectContextCustomizer@52f0761b, org.springframework.boot.test.mock.mockito.MockitoContextCustomizer@0, org.springframework.boot.test.web.client.TestRestTemplateContextCustomizer@e4151d2, org.springframework.boot.test.context.SpringBootTestArgs@1, org.springframework.boot.test.context.SpringBootTestWebEnvironment@58a775c], resourceBasePath = 'src/main/webapp', contextLoader = 'org.springframework.boot.test.context.SpringBootContextLoader', parent = [null]], attributes = map['org.springframework.test.context.web.ServletTestExecutionListener.activateListener' -> true]], class annotated with @DirtiesContext [false] with mode [null].
20:55:29.130 [Test worker] DEBUG org.springframework.test.context.support.TestPropertySourceUtils - Adding inlined properties to environment: {spring.jmx.enabled=false, org.springframework.boot.test.context.SpringBootTestContextBootstrapper=true}

  .   ____          _            __ _ _
 /\\ / ___'_ __ _ _(_)_ __  __ _ \ \ \ \
( ( )\___ | '_ | '_| | '_ \/ _` | \ \ \ \
 \\/  ___)| |_)| | | | | || (_| |  ) ) ) )
  '  |____| .__|_| |_|_| |_\__, | / / / /
 =========|_|==============|___/=/_/_/_/
 :: Spring Boot ::                (v2.4.1)

2021-07-14 20:55:29.622  INFO 52327 --- [    Test worker] c.m.h.w.d.posts.PostsRepositoryTest      : Starting PostsRepositoryTest using Java 1.8.0_251 on yunmins-MacBook-Pro.local with PID 52327 (started by minyun in /Users/minyun/Documents/yuns project/matchup)
2021-07-14 20:55:29.627  INFO 52327 --- [    Test worker] c.m.h.w.d.posts.PostsRepositoryTest      : No active profile set, falling back to default profiles: default
2021-07-14 20:55:30.743  INFO 52327 --- [    Test worker] .s.d.r.c.RepositoryConfigurationDelegate : Bootstrapping Spring Data JPA repositories in DEFAULT mode.
2021-07-14 20:55:30.869  INFO 52327 --- [    Test worker] .s.d.r.c.RepositoryConfigurationDelegate : Finished Spring Data repository scanning in 108 ms. Found 1 JPA repository interfaces.
2021-07-14 20:55:31.806  INFO 52327 --- [    Test worker] com.zaxxer.hikari.HikariDataSource       : HikariPool-1 - Starting...
2021-07-14 20:55:32.254  INFO 52327 --- [    Test worker] com.zaxxer.hikari.HikariDataSource       : HikariPool-1 - Start completed.
2021-07-14 20:55:32.380  INFO 52327 --- [    Test worker] o.hibernate.jpa.internal.util.LogHelper  : HHH000204: Processing PersistenceUnitInfo [name: default]
2021-07-14 20:55:32.473  INFO 52327 --- [    Test worker] org.hibernate.Version                    : HHH000412: Hibernate ORM core version 5.4.25.Final
2021-07-14 20:55:32.713  INFO 52327 --- [    Test worker] o.hibernate.annotations.common.Version   : HCANN000001: Hibernate Commons Annotations {5.1.2.Final}
2021-07-14 20:55:32.929  INFO 52327 --- [    Test worker] org.hibernate.dialect.Dialect            : HHH000400: Using dialect: org.hibernate.dialect.H2Dialect
2021-07-14 20:55:33.980  INFO 52327 --- [    Test worker] o.h.e.t.j.p.i.JtaPlatformInitiator       : HHH000490: Using JtaPlatform implementation: [org.hibernate.engine.transaction.jta.platform.internal.NoJtaPlatform]
2021-07-14 20:55:33.993  INFO 52327 --- [    Test worker] j.LocalContainerEntityManagerFactoryBean : Initialized JPA EntityManagerFactory for persistence unit 'default'
2021-07-14 20:55:34.439  WARN 52327 --- [    Test worker] JpaBaseConfiguration$JpaWebConfiguration : spring.jpa.open-in-view is enabled by default. Therefore, database queries may be performed during view rendering. Explicitly configure spring.jpa.open-in-view to disable this warning
2021-07-14 20:55:34.856  INFO 52327 --- [    Test worker] o.s.s.concurrent.ThreadPoolTaskExecutor  : Initializing ExecutorService 'applicationTaskExecutor'
2021-07-14 20:55:35.274  WARN 52327 --- [    Test worker] o.s.b.a.m.MustacheAutoConfiguration      : Cannot find template location: classpath:/templates/ (please add some templates, check your Mustache configuration, or set spring.mustache.check-template-location=false)
2021-07-14 20:55:35.997  INFO 52327 --- [    Test worker] c.m.h.w.d.posts.PostsRepositoryTest      : Started PostsRepositoryTest in 6.851 seconds (JVM running for 8.512)
]]></system-out>
  <system-err><![CDATA[]]></system-err>
</testsuite>
