<?xml version="1.0" encoding="UTF-8"?>
<testsuite name="com.matchup.home.web.IndexControllerTest" tests="1" skipped="0" failures="0" errors="0" timestamp="2021-08-15T09:36:51" hostname="yunmins-MacBook-Pro.local" time="0.594">
  <properties/>
  <testcase name="메인페이지_로딩()" classname="com.matchup.home.web.IndexControllerTest" time="0.594"/>
  <system-out><![CDATA[18:36:41.238 [Test worker] DEBUG org.springframework.test.context.BootstrapUtils - Instantiating CacheAwareContextLoaderDelegate from class [org.springframework.test.context.cache.DefaultCacheAwareContextLoaderDelegate]
18:36:41.261 [Test worker] DEBUG org.springframework.test.context.BootstrapUtils - Instantiating BootstrapContext using constructor [public org.springframework.test.context.support.DefaultBootstrapContext(java.lang.Class,org.springframework.test.context.CacheAwareContextLoaderDelegate)]
18:36:41.317 [Test worker] DEBUG org.springframework.test.context.BootstrapUtils - Instantiating TestContextBootstrapper for test class [com.matchup.home.web.IndexControllerTest] from class [org.springframework.boot.test.context.SpringBootTestContextBootstrapper]
18:36:41.345 [Test worker] INFO org.springframework.boot.test.context.SpringBootTestContextBootstrapper - Neither @ContextConfiguration nor @ContextHierarchy found for test class [com.matchup.home.web.IndexControllerTest], using SpringBootContextLoader
18:36:41.354 [Test worker] DEBUG org.springframework.test.context.support.AbstractContextLoader - Did not detect default resource location for test class [com.matchup.home.web.IndexControllerTest]: class path resource [com/matchup/home/web/IndexControllerTest-context.xml] does not exist
18:36:41.355 [Test worker] DEBUG org.springframework.test.context.support.AbstractContextLoader - Did not detect default resource location for test class [com.matchup.home.web.IndexControllerTest]: class path resource [com/matchup/home/web/IndexControllerTestContext.groovy] does not exist
18:36:41.356 [Test worker] INFO org.springframework.test.context.support.AbstractContextLoader - Could not detect default resource locations for test class [com.matchup.home.web.IndexControllerTest]: no resource found for suffixes {-context.xml, Context.groovy}.
18:36:41.357 [Test worker] INFO org.springframework.test.context.support.AnnotationConfigContextLoaderUtils - Could not detect default configuration classes for test class [com.matchup.home.web.IndexControllerTest]: IndexControllerTest does not declare any static, non-private, non-final, nested classes annotated with @Configuration.
18:36:41.438 [Test worker] DEBUG org.springframework.test.context.support.ActiveProfilesUtils - Could not find an 'annotation declaring class' for annotation type [org.springframework.test.context.ActiveProfiles] and class [com.matchup.home.web.IndexControllerTest]
18:36:41.611 [Test worker] DEBUG org.springframework.context.annotation.ClassPathScanningCandidateComponentProvider - Identified candidate component class: file [/Users/minyun/Documents/yuns project/matchup/build/classes/java/main/com/matchup/home/Application.class]
18:36:41.613 [Test worker] INFO org.springframework.boot.test.context.SpringBootTestContextBootstrapper - Found @SpringBootConfiguration com.matchup.home.Application for test class com.matchup.home.web.IndexControllerTest
18:36:41.780 [Test worker] DEBUG org.springframework.boot.test.context.SpringBootTestContextBootstrapper - @TestExecutionListeners is not present for class [com.matchup.home.web.IndexControllerTest]: using defaults.
18:36:41.781 [Test worker] INFO org.springframework.boot.test.context.SpringBootTestContextBootstrapper - Loaded default TestExecutionListener class names from location [META-INF/spring.factories]: [org.springframework.boot.test.autoconfigure.restdocs.RestDocsTestExecutionListener, org.springframework.boot.test.autoconfigure.web.client.MockRestServiceServerResetTestExecutionListener, org.springframework.boot.test.autoconfigure.web.servlet.MockMvcPrintOnlyOnFailureTestExecutionListener, org.springframework.boot.test.autoconfigure.web.servlet.WebDriverTestExecutionListener, org.springframework.boot.test.autoconfigure.webservices.client.MockWebServiceServerTestExecutionListener, org.springframework.boot.test.mock.mockito.MockitoTestExecutionListener, org.springframework.boot.test.mock.mockito.ResetMocksTestExecutionListener, org.springframework.test.context.web.ServletTestExecutionListener, org.springframework.test.context.support.DirtiesContextBeforeModesTestExecutionListener, org.springframework.test.context.support.DependencyInjectionTestExecutionListener, org.springframework.test.context.support.DirtiesContextTestExecutionListener, org.springframework.test.context.transaction.TransactionalTestExecutionListener, org.springframework.test.context.jdbc.SqlScriptsTestExecutionListener, org.springframework.test.context.event.EventPublishingTestExecutionListener]
18:36:41.816 [Test worker] INFO org.springframework.boot.test.context.SpringBootTestContextBootstrapper - Using TestExecutionListeners: [org.springframework.test.context.web.ServletTestExecutionListener@dc3d011, org.springframework.test.context.support.DirtiesContextBeforeModesTestExecutionListener@1fabb636, org.springframework.boot.test.mock.mockito.MockitoTestExecutionListener@7d23afe5, org.springframework.boot.test.autoconfigure.SpringBootDependencyInjectionTestExecutionListener@55557373, org.springframework.test.context.support.DirtiesContextTestExecutionListener@46857290, org.springframework.test.context.transaction.TransactionalTestExecutionListener@45d6670, org.springframework.test.context.jdbc.SqlScriptsTestExecutionListener@64e1ad99, org.springframework.test.context.event.EventPublishingTestExecutionListener@1a51849d, org.springframework.boot.test.autoconfigure.restdocs.RestDocsTestExecutionListener@772d64b5, org.springframework.boot.test.autoconfigure.web.client.MockRestServiceServerResetTestExecutionListener@182ce2c6, org.springframework.boot.test.autoconfigure.web.servlet.MockMvcPrintOnlyOnFailureTestExecutionListener@71c8093f, org.springframework.boot.test.autoconfigure.web.servlet.WebDriverTestExecutionListener@672b1ef7, org.springframework.boot.test.autoconfigure.webservices.client.MockWebServiceServerTestExecutionListener@7b3fc66b, org.springframework.boot.test.mock.mockito.ResetMocksTestExecutionListener@47a3118]
18:36:41.826 [Test worker] DEBUG org.springframework.test.context.support.AbstractDirtiesContextTestExecutionListener - Before test class: context [DefaultTestContext@5d628d2b testClass = IndexControllerTest, testInstance = [null], testMethod = [null], testException = [null], mergedContextConfiguration = [WebMergedContextConfiguration@2372f10b testClass = IndexControllerTest, locations = '{}', classes = '{class com.matchup.home.Application}', contextInitializerClasses = '[]', activeProfiles = '{}', propertySourceLocations = '{}', propertySourceProperties = '{org.springframework.boot.test.context.SpringBootTestContextBootstrapper=true, server.port=0}', contextCustomizers = set[org.springframework.boot.test.autoconfigure.actuate.metrics.MetricsExportContextCustomizerFactory$DisableMetricExportContextCustomizer@4c5ee121, org.springframework.boot.test.autoconfigure.properties.PropertyMappingContextCustomizer@0, org.springframework.boot.test.autoconfigure.web.servlet.WebDriverContextCustomizerFactory$Customizer@68a4203, org.springframework.boot.test.context.filter.ExcludeFilterContextCustomizer@2f5a8ee7, org.springframework.boot.test.json.DuplicateJsonObjectContextCustomizerFactory$DuplicateJsonObjectContextCustomizer@3b8b595, org.springframework.boot.test.mock.mockito.MockitoContextCustomizer@0, org.springframework.boot.test.web.client.TestRestTemplateContextCustomizer@46b05170, org.springframework.boot.test.context.SpringBootTestArgs@1, org.springframework.boot.test.context.SpringBootTestWebEnvironment@34277122], resourceBasePath = 'src/main/webapp', contextLoader = 'org.springframework.boot.test.context.SpringBootContextLoader', parent = [null]], attributes = map['org.springframework.test.context.web.ServletTestExecutionListener.activateListener' -> false]], class annotated with @DirtiesContext [false] with mode [null].
18:36:41.844 [Test worker] DEBUG org.springframework.test.context.support.DependencyInjectionTestExecutionListener - Performing dependency injection for test context [[DefaultTestContext@5d628d2b testClass = IndexControllerTest, testInstance = com.matchup.home.web.IndexControllerTest@48cd99ff, testMethod = [null], testException = [null], mergedContextConfiguration = [WebMergedContextConfiguration@2372f10b testClass = IndexControllerTest, locations = '{}', classes = '{class com.matchup.home.Application}', contextInitializerClasses = '[]', activeProfiles = '{}', propertySourceLocations = '{}', propertySourceProperties = '{org.springframework.boot.test.context.SpringBootTestContextBootstrapper=true, server.port=0}', contextCustomizers = set[org.springframework.boot.test.autoconfigure.actuate.metrics.MetricsExportContextCustomizerFactory$DisableMetricExportContextCustomizer@4c5ee121, org.springframework.boot.test.autoconfigure.properties.PropertyMappingContextCustomizer@0, org.springframework.boot.test.autoconfigure.web.servlet.WebDriverContextCustomizerFactory$Customizer@68a4203, org.springframework.boot.test.context.filter.ExcludeFilterContextCustomizer@2f5a8ee7, org.springframework.boot.test.json.DuplicateJsonObjectContextCustomizerFactory$DuplicateJsonObjectContextCustomizer@3b8b595, org.springframework.boot.test.mock.mockito.MockitoContextCustomizer@0, org.springframework.boot.test.web.client.TestRestTemplateContextCustomizer@46b05170, org.springframework.boot.test.context.SpringBootTestArgs@1, org.springframework.boot.test.context.SpringBootTestWebEnvironment@34277122], resourceBasePath = 'src/main/webapp', contextLoader = 'org.springframework.boot.test.context.SpringBootContextLoader', parent = [null]], attributes = map['org.springframework.test.context.web.ServletTestExecutionListener.activateListener' -> false]]].
18:36:41.895 [Test worker] DEBUG org.springframework.test.context.support.TestPropertySourceUtils - Adding inlined properties to environment: {spring.jmx.enabled=false, org.springframework.boot.test.context.SpringBootTestContextBootstrapper=true, server.port=0}

  .   ____          _            __ _ _
 /\\ / ___'_ __ _ _(_)_ __  __ _ \ \ \ \
( ( )\___ | '_ | '_| | '_ \/ _` | \ \ \ \
 \\/  ___)| |_)| | | | | || (_| |  ) ) ) )
  '  |____| .__|_| |_|_| |_\__, | / / / /
 =========|_|==============|___/=/_/_/_/
 :: Spring Boot ::                (v2.4.1)

2021-08-15 18:36:42.702  INFO 1357 --- [    Test worker] c.matchup.home.web.IndexControllerTest   : Starting IndexControllerTest using Java 1.8.0_251 on yunmins-MacBook-Pro.local with PID 1357 (started by minyun in /Users/minyun/Documents/yuns project/matchup)
2021-08-15 18:36:42.707  INFO 1357 --- [    Test worker] c.matchup.home.web.IndexControllerTest   : No active profile set, falling back to default profiles: default
2021-08-15 18:36:43.885  INFO 1357 --- [    Test worker] .s.d.r.c.RepositoryConfigurationDelegate : Bootstrapping Spring Data JPA repositories in DEFAULT mode.
2021-08-15 18:36:43.982  INFO 1357 --- [    Test worker] .s.d.r.c.RepositoryConfigurationDelegate : Finished Spring Data repository scanning in 81 ms. Found 1 JPA repository interfaces.
2021-08-15 18:36:45.142  INFO 1357 --- [    Test worker] o.s.b.w.embedded.tomcat.TomcatWebServer  : Tomcat initialized with port(s): 0 (http)
2021-08-15 18:36:45.161  INFO 1357 --- [    Test worker] o.apache.catalina.core.StandardService   : Starting service [Tomcat]
2021-08-15 18:36:45.162  INFO 1357 --- [    Test worker] org.apache.catalina.core.StandardEngine  : Starting Servlet engine: [Apache Tomcat/9.0.41]
2021-08-15 18:36:45.389  INFO 1357 --- [    Test worker] o.a.c.c.C.[Tomcat].[localhost].[/]       : Initializing Spring embedded WebApplicationContext
2021-08-15 18:36:45.389  INFO 1357 --- [    Test worker] w.s.c.ServletWebServerApplicationContext : Root WebApplicationContext: initialization completed in 2639 ms
2021-08-15 18:36:46.073  INFO 1357 --- [    Test worker] com.zaxxer.hikari.HikariDataSource       : HikariPool-1 - Starting...
2021-08-15 18:36:46.473  INFO 1357 --- [    Test worker] com.zaxxer.hikari.HikariDataSource       : HikariPool-1 - Start completed.
2021-08-15 18:36:46.639  INFO 1357 --- [    Test worker] o.hibernate.jpa.internal.util.LogHelper  : HHH000204: Processing PersistenceUnitInfo [name: default]
2021-08-15 18:36:46.762  INFO 1357 --- [    Test worker] org.hibernate.Version                    : HHH000412: Hibernate ORM core version 5.4.25.Final
2021-08-15 18:36:47.186  INFO 1357 --- [    Test worker] o.hibernate.annotations.common.Version   : HCANN000001: Hibernate Commons Annotations {5.1.2.Final}
2021-08-15 18:36:47.469  INFO 1357 --- [    Test worker] org.hibernate.dialect.Dialect            : HHH000400: Using dialect: org.hibernate.dialect.MySQL57Dialect
Hibernate: drop table if exists posts
2021-08-15 18:36:48.788  INFO 1357 --- [    Test worker] p6spy                                    : #1629020208788 | took 1ms | statement | connection 2| url jdbc:h2:mem://localhost/~/testdb
drop table if exists posts
drop table if exists posts;
Hibernate: create table posts (id bigint not null auto_increment, create_date datetime(6), modified_date datetime(6), author varchar(255), content TEXT not null, title varchar(500) not null, primary key (id)) engine=InnoDB
2021-08-15 18:36:48.805  INFO 1357 --- [    Test worker] p6spy                                    : #1629020208805 | took 12ms | statement | connection 3| url jdbc:h2:mem://localhost/~/testdb
create table posts (id bigint not null auto_increment, create_date datetime(6), modified_date datetime(6), author varchar(255), content TEXT not null, title varchar(500) not null, primary key (id)) engine=InnoDB
create table posts (id bigint not null auto_increment, create_date datetime(6), modified_date datetime(6), author varchar(255), content TEXT not null, title varchar(500) not null, primary key (id)) engine=InnoDB;
2021-08-15 18:36:48.809  INFO 1357 --- [    Test worker] o.h.e.t.j.p.i.JtaPlatformInitiator       : HHH000490: Using JtaPlatform implementation: [org.hibernate.engine.transaction.jta.platform.internal.NoJtaPlatform]
2021-08-15 18:36:48.828  INFO 1357 --- [    Test worker] j.LocalContainerEntityManagerFactoryBean : Initialized JPA EntityManagerFactory for persistence unit 'default'
2021-08-15 18:36:49.574  WARN 1357 --- [    Test worker] JpaBaseConfiguration$JpaWebConfiguration : spring.jpa.open-in-view is enabled by default. Therefore, database queries may be performed during view rendering. Explicitly configure spring.jpa.open-in-view to disable this warning
2021-08-15 18:36:50.254  INFO 1357 --- [    Test worker] o.s.s.concurrent.ThreadPoolTaskExecutor  : Initializing ExecutorService 'applicationTaskExecutor'
2021-08-15 18:36:50.512  INFO 1357 --- [    Test worker] o.s.b.a.w.s.WelcomePageHandlerMapping    : Adding welcome page template: index
2021-08-15 18:36:51.067  INFO 1357 --- [    Test worker] o.s.b.w.embedded.tomcat.TomcatWebServer  : Tomcat started on port(s): 49975 (http) with context path ''
2021-08-15 18:36:51.094  INFO 1357 --- [    Test worker] c.matchup.home.web.IndexControllerTest   : Started IndexControllerTest in 9.194 seconds (JVM running for 11.085)
2021-08-15 18:36:51.502  INFO 1357 --- [o-auto-1-exec-1] o.a.c.c.C.[Tomcat].[localhost].[/]       : Initializing Spring DispatcherServlet 'dispatcherServlet'
2021-08-15 18:36:51.503  INFO 1357 --- [o-auto-1-exec-1] o.s.web.servlet.DispatcherServlet        : Initializing Servlet 'dispatcherServlet'
2021-08-15 18:36:51.505  INFO 1357 --- [o-auto-1-exec-1] o.s.web.servlet.DispatcherServlet        : Completed initialization in 2 ms
]]></system-out>
  <system-err><![CDATA[]]></system-err>
</testsuite>
